<?xml version="1.0" encoding="UTF-8"?>
<!-- Generated by org.testng.reporters.JUnitReportReporter -->
<testsuite hostname="C3700100417" name="com.maventutorial.selenium.FirstTest" tests="1" failures="0" timestamp="20 May 2016 11:18:13 GMT" time="25.704" errors="0">
  <testcase name="doSomethingIrrelevant" time="25.704" classname="com.maventutorial.selenium.FirstTest"/>
</testsuite> <!-- com.maventutorial.selenium.FirstTest -->
