<?xml version="1.0" encoding="UTF-8"?>
<!-- Generated by org.testng.reporters.JUnitReportReporter -->
<testsuite hostname="C3700100417" name="com.maventutorial.selenium.FirstTest" tests="2" failures="0" timestamp="19 May 2016 08:44:19 GMT" time="36.201" errors="0">
  <testcase name="failedTest" time="22.671" classname="com.maventutorial.selenium.FirstTest"/>
  <testcase name="openAnLink" time="13.530" classname="com.maventutorial.selenium.FirstTest"/>
</testsuite> <!-- com.maventutorial.selenium.FirstTest -->
