<?xml version="1.0" encoding="UTF-8"?>
<!-- Generated by org.testng.reporters.JUnitReportReporter -->
<testsuite hostname="C3700100417" name="com.maventutorial.selenium.FirstTest" tests="1" failures="0" timestamp="19 May 2016 12:25:32 GMT" time="8.577" errors="0">
  <testcase name="facebookCreate" time="8.577" classname="com.maventutorial.selenium.FirstTest"/>
</testsuite> <!-- com.maventutorial.selenium.FirstTest -->
