<?xml version="1.0" encoding="UTF-8"?>
<!-- Generated by org.testng.reporters.JUnitReportReporter -->
<testsuite hostname="C3700100417" name="com.maventutorial.selenium.FirstTest" tests="1" failures="0" timestamp="20 May 2016 07:29:14 GMT" time="9.005" errors="0">
  <testcase name="SuccessfulLogin" time="9.005" classname="com.maventutorial.selenium.FirstTest"/>
</testsuite> <!-- com.maventutorial.selenium.FirstTest -->
