<?xml version="1.0" encoding="UTF-8"?>
<!-- Generated by org.testng.reporters.JUnitReportReporter -->
<testsuite hostname="C3700100417" name="com.maventutorial.selenium.FirstTest" tests="3" failures="0" timestamp="24 May 2016 10:43:06 GMT" time="34.165" errors="0">
  <testcase name="doSomethingIrrelevant" time="17.708" classname="com.maventutorial.selenium.FirstTest"/>
  <testcase name="SuccessfulLogin" time="11.816" classname="com.maventutorial.selenium.FirstTest"/>
  <testcase name="FailedLogIn" time="4.641" classname="com.maventutorial.selenium.FirstTest"/>
</testsuite> <!-- com.maventutorial.selenium.FirstTest -->
