<?xml version="1.0" encoding="UTF-8"?>
<!-- Generated by org.testng.reporters.JUnitReportReporter -->
<testsuite hostname="C3700100417" name="com.maventutorial.selenium.FirstTest" tests="1" failures="0" timestamp="31 May 2016 07:43:51 GMT" time="15.914" errors="0">
  <testcase name="doSomethingIrrelevant" time="15.914" classname="com.maventutorial.selenium.FirstTest"/>
</testsuite> <!-- com.maventutorial.selenium.FirstTest -->
