<?xml version="1.0" encoding="UTF-8"?>
<!-- Generated by org.testng.reporters.JUnitReportReporter -->
<testsuite hostname="C3700100417" name="com.maventutorial.selenium.FirstTest" tests="3" failures="0" timestamp="26 May 2016 11:12:04 GMT" time="44.885" errors="0">
  <testcase name="doSomethingIrrelevant" time="24.198" classname="com.maventutorial.selenium.FirstTest"/>
  <testcase name="SuccessfulLogin" time="12.146" classname="com.maventutorial.selenium.FirstTest"/>
  <testcase name="FailedLogIn" time="8.541" classname="com.maventutorial.selenium.FirstTest"/>
</testsuite> <!-- com.maventutorial.selenium.FirstTest -->
